<?xml version="1.0" encoding="UTF-8"?>
<!-- Generated by org.testng.reporters.JUnitXMLReporter -->
<testsuite hostname="DESKTOP-RHLDRT6" failures="0" tests="5" name="Command line test" time="0.02" errors="0" timestamp="18 Jan 2024 18:55:27 GMT">
  <testcase classname="test.com.DataProviderTest" name="add" time="0.007"/>
  <testcase classname="test.com.DataProviderTest" name="add" time="0.0"/>
  <testcase classname="test.com.DataProviderTest" name="add" time="0.001"/>
  <testcase classname="test.com.DataProviderTest" name="squre" time="0.0"/>
  <testcase classname="test.com.DataProviderTest" name="squre" time="0.001"/>
</testsuite> <!-- Command line test -->
